<?xml version="1.0" encoding="UTF-8"?>
<testsuite xmlns:xsi="http://www.w3.org/2001/XMLSchema-instance" xsi:noNamespaceSchemaLocation="https://maven.apache.org/surefire/maven-surefire-plugin/xsd/surefire-test-report.xsd" version="3.0.2" name="com.bookmyshow.main.BookmyshowBackendApplicationTests" time="2.704" tests="1" errors="0" skipped="0" failures="0">
  <properties>
[...]
</properties>
  <testcase name="contextLoads" classname="com.bookmyshow.main.BookmyshowBackendApplicationTests" time="0.372">
    <system-out><![CDATA[09:32:11.042 [main] INFO org.springframework.test.context.support.AnnotationConfigContextLoaderUtils -- Could not detect default configuration classes for test class [com.bookmyshow.main.BookmyshowBackendApplicationTests]: BookmyshowBackendApplicationTests does not declare any static, non-private, non-final, nested classes annotated with @Configuration.
09:32:11.122 [main] INFO org.springframework.boot.test.context.SpringBootTestContextBootstrapper -- Found @SpringBootConfiguration com.bookmyshow.main.BookmyshowBackendApplication for test class com.bookmyshow.main.BookmyshowBackendApplicationTests

  .   ____          _            __ _ _
 /\\ / ___'_ __ _ _(_)_ __  __ _ \ \ \ \
( ( )\___ | '_ | '_| | '_ \/ _` | \ \ \ \
 \\/  ___)| |_)| | | | | || (_| |  ) ) ) )
  '  |____| .__|_| |_|_| |_\__, | / / / /
 =========|_|==============|___/=/_/_/_/

 :: Spring Boot ::                (v3.5.4)

2025-08-21T09:32:11.414+05:30  INFO 9055 --- [bookmyshow-backend] [           main] c.b.m.BookmyshowBackendApplicationTests  : Starting BookmyshowBackendApplicationTests using Java 17.0.11 with PID 9055 (started by vidhi in /home/vidhi/Downloads/bookmyshowGit/bookMyShowReplica)
2025-08-21T09:32:11.414+05:30  INFO 9055 --- [bookmyshow-backend] [           main] c.b.m.BookmyshowBackendApplicationTests  : No active profile set, falling back to 1 default profile: "default"
2025-08-21T09:32:11.773+05:30  INFO 9055 --- [bookmyshow-backend] [           main] .s.d.r.c.RepositoryConfigurationDelegate : Bootstrapping Spring Data JPA repositories in DEFAULT mode.
2025-08-21T09:32:11.796+05:30  INFO 9055 --- [bookmyshow-backend] [           main] .s.d.r.c.RepositoryConfigurationDelegate : Finished Spring Data repository scanning in 18 ms. Found 1 JPA repository interface.
2025-08-21T09:32:11.971+05:30  INFO 9055 --- [bookmyshow-backend] [           main] o.hibernate.jpa.internal.util.LogHelper  : HHH000204: Processing PersistenceUnitInfo [name: default]
2025-08-21T09:32:11.991+05:30  INFO 9055 --- [bookmyshow-backend] [           main] org.hibernate.Version                    : HHH000412: Hibernate ORM core version 6.6.22.Final
2025-08-21T09:32:12.005+05:30  INFO 9055 --- [bookmyshow-backend] [           main] o.h.c.internal.RegionFactoryInitiator    : HHH000026: Second-level cache disabled
2025-08-21T09:32:12.121+05:30  INFO 9055 --- [bookmyshow-backend] [           main] o.s.o.j.p.SpringPersistenceUnitInfo      : No LoadTimeWeaver setup: ignoring JPA class transformer
2025-08-21T09:32:12.133+05:30  INFO 9055 --- [bookmyshow-backend] [           main] com.zaxxer.hikari.HikariDataSource       : HikariPool-1 - Starting...
2025-08-21T09:32:12.340+05:30  INFO 9055 --- [bookmyshow-backend] [           main] com.zaxxer.hikari.pool.HikariPool        : HikariPool-1 - Added connection org.postgresql.jdbc.PgConnection@69d7bc1a
2025-08-21T09:32:12.341+05:30  INFO 9055 --- [bookmyshow-backend] [           main] com.zaxxer.hikari.HikariDataSource       : HikariPool-1 - Start completed.
2025-08-21T09:32:12.378+05:30  INFO 9055 --- [bookmyshow-backend] [           main] org.hibernate.orm.connections.pooling    : HHH10001005: Database info:
	Database JDBC URL [Connecting through datasource 'HikariDataSource (HikariPool-1)']
	Database driver: undefined/unknown
	Database version: 14.18
	Autocommit mode: undefined/unknown
	Isolation level: undefined/unknown
	Minimum pool size: undefined/unknown
	Maximum pool size: undefined/unknown
2025-08-21T09:32:12.785+05:30  INFO 9055 --- [bookmyshow-backend] [           main] o.h.e.t.j.p.i.JtaPlatformInitiator       : HHH000489: No JTA platform available (set 'hibernate.transaction.jta.platform' to enable JTA platform integration)
2025-08-21T09:32:12.803+05:30  INFO 9055 --- [bookmyshow-backend] [           main] j.LocalContainerEntityManagerFactoryBean : Initialized JPA EntityManagerFactory for persistence unit 'default'
2025-08-21T09:32:13.299+05:30  INFO 9055 --- [bookmyshow-backend] [           main] c.b.m.BookmyshowBackendApplicationTests  : Started BookmyshowBackendApplicationTests in 2.048 seconds (process running for 2.604)
]]></system-out>
  </testcase>
</testsuite>